2020-03-08 10:25:28,240:INFO:mail has been send successfully.
2020-03-08 10:58:36,401:INFO:mail has been send successfully.
2020-03-08 11:04:38,344:INFO:mail has been send successfully.
2020-03-08 12:21:52,607:INFO:mail has been send successfully.
2020-03-08 12:24:40,370:INFO:mail has been send successfully.
2020-03-08 12:29:58,838:INFO:mail has been send successfully.
2020-03-08 12:35:39,270:INFO:mail has been send successfully.
2020-03-08 14:03:39,503:INFO:mail has been send successfully.
2020-03-08 14:04:10,117:INFO:mail has been send successfully.
2020-03-09 09:56:21,229:INFO:mail has been send successfully.
2020-03-09 10:09:13,823:INFO:mail has been send successfully.
2020-03-09 10:10:33,001:INFO:mail has been send successfully.
2020-03-09 11:54:29,449:INFO:mail has been send successfully.
2020-03-09 11:59:15,227:INFO:mail has been send successfully.
2020-03-09 12:05:30,445:INFO:mail has been send successfully.
2020-03-09 14:13:16,691:INFO:mail has been send successfully.
2020-03-09 14:16:01,588:INFO:mail has been send successfully.
2020-03-09 14:20:18,858:INFO:mail has been send successfully.
2020-03-09 14:25:15,897:INFO:mail has been send successfully.
2020-03-10 10:38:54,060:INFO:mail has been send successfully.
2020-05-22 13:10:05,548:WARNING:Error occurred during loading data. Trying to use cache server https://fake-useragent.herokuapp.com/browsers/0.1.11
Traceback (most recent call last):
  File "/usr/local/Cellar/python/3.7.5/Frameworks/Python.framework/Versions/3.7/lib/python3.7/urllib/request.py", line 1317, in do_open
    encode_chunked=req.has_header('Transfer-encoding'))
  File "/usr/local/Cellar/python/3.7.5/Frameworks/Python.framework/Versions/3.7/lib/python3.7/http/client.py", line 1252, in request
    self._send_request(method, url, body, headers, encode_chunked)
  File "/usr/local/Cellar/python/3.7.5/Frameworks/Python.framework/Versions/3.7/lib/python3.7/http/client.py", line 1298, in _send_request
    self.endheaders(body, encode_chunked=encode_chunked)
  File "/usr/local/Cellar/python/3.7.5/Frameworks/Python.framework/Versions/3.7/lib/python3.7/http/client.py", line 1247, in endheaders
    self._send_output(message_body, encode_chunked=encode_chunked)
  File "/usr/local/Cellar/python/3.7.5/Frameworks/Python.framework/Versions/3.7/lib/python3.7/http/client.py", line 1026, in _send_output
    self.send(msg)
  File "/usr/local/Cellar/python/3.7.5/Frameworks/Python.framework/Versions/3.7/lib/python3.7/http/client.py", line 966, in send
    self.connect()
  File "/usr/local/Cellar/python/3.7.5/Frameworks/Python.framework/Versions/3.7/lib/python3.7/http/client.py", line 1414, in connect
    super().connect()
  File "/usr/local/Cellar/python/3.7.5/Frameworks/Python.framework/Versions/3.7/lib/python3.7/http/client.py", line 938, in connect
    (self.host,self.port), self.timeout, self.source_address)
  File "/usr/local/Cellar/python/3.7.5/Frameworks/Python.framework/Versions/3.7/lib/python3.7/socket.py", line 727, in create_connection
    raise err
  File "/usr/local/Cellar/python/3.7.5/Frameworks/Python.framework/Versions/3.7/lib/python3.7/socket.py", line 716, in create_connection
    sock.connect(sa)
socket.timeout: timed out

During handling of the above exception, another exception occurred:

Traceback (most recent call last):
  File "/usr/local/lib/python3.7/site-packages/fake_useragent/utils.py", line 67, in get
    context=context,
  File "/usr/local/Cellar/python/3.7.5/Frameworks/Python.framework/Versions/3.7/lib/python3.7/urllib/request.py", line 222, in urlopen
    return opener.open(url, data, timeout)
  File "/usr/local/Cellar/python/3.7.5/Frameworks/Python.framework/Versions/3.7/lib/python3.7/urllib/request.py", line 525, in open
    response = self._open(req, data)
  File "/usr/local/Cellar/python/3.7.5/Frameworks/Python.framework/Versions/3.7/lib/python3.7/urllib/request.py", line 543, in _open
    '_open', req)
  File "/usr/local/Cellar/python/3.7.5/Frameworks/Python.framework/Versions/3.7/lib/python3.7/urllib/request.py", line 503, in _call_chain
    result = func(*args)
  File "/usr/local/Cellar/python/3.7.5/Frameworks/Python.framework/Versions/3.7/lib/python3.7/urllib/request.py", line 1360, in https_open
    context=self._context, check_hostname=self._check_hostname)
  File "/usr/local/Cellar/python/3.7.5/Frameworks/Python.framework/Versions/3.7/lib/python3.7/urllib/request.py", line 1319, in do_open
    raise URLError(err)
urllib.error.URLError: <urlopen error timed out>

During handling of the above exception, another exception occurred:

Traceback (most recent call last):
  File "/usr/local/lib/python3.7/site-packages/fake_useragent/utils.py", line 154, in load
    for item in get_browsers(verify_ssl=verify_ssl):
  File "/usr/local/lib/python3.7/site-packages/fake_useragent/utils.py", line 97, in get_browsers
    html = get(settings.BROWSERS_STATS_PAGE, verify_ssl=verify_ssl)
  File "/usr/local/lib/python3.7/site-packages/fake_useragent/utils.py", line 84, in get
    raise FakeUserAgentError('Maximum amount of retries reached')
fake_useragent.errors.FakeUserAgentError: Maximum amount of retries reached
2020-05-22 13:10:19,017:INFO:mail has been send successfully.
2020-08-21 16:16:07,407:WARNING:Error occurred during loading data. Trying to use cache server https://fake-useragent.herokuapp.com/browsers/0.1.11
Traceback (most recent call last):
  File "D:\Program Files\python38\lib\urllib\request.py", line 1319, in do_open
    h.request(req.get_method(), req.selector, req.data, headers,
  File "D:\Program Files\python38\lib\http\client.py", line 1230, in request
    self._send_request(method, url, body, headers, encode_chunked)
  File "D:\Program Files\python38\lib\http\client.py", line 1276, in _send_request
    self.endheaders(body, encode_chunked=encode_chunked)
  File "D:\Program Files\python38\lib\http\client.py", line 1225, in endheaders
    self._send_output(message_body, encode_chunked=encode_chunked)
  File "D:\Program Files\python38\lib\http\client.py", line 1004, in _send_output
    self.send(msg)
  File "D:\Program Files\python38\lib\http\client.py", line 944, in send
    self.connect()
  File "D:\Program Files\python38\lib\http\client.py", line 1392, in connect
    super().connect()
  File "D:\Program Files\python38\lib\http\client.py", line 915, in connect
    self.sock = self._create_connection(
  File "D:\Program Files\python38\lib\socket.py", line 808, in create_connection
    raise err
  File "D:\Program Files\python38\lib\socket.py", line 796, in create_connection
    sock.connect(sa)
socket.timeout: timed out

During handling of the above exception, another exception occurred:

Traceback (most recent call last):
  File "D:\Program Files\python38\lib\site-packages\fake_useragent\utils.py", line 64, in get
    with contextlib.closing(urlopen(
  File "D:\Program Files\python38\lib\urllib\request.py", line 222, in urlopen
    return opener.open(url, data, timeout)
  File "D:\Program Files\python38\lib\urllib\request.py", line 525, in open
    response = self._open(req, data)
  File "D:\Program Files\python38\lib\urllib\request.py", line 542, in _open
    result = self._call_chain(self.handle_open, protocol, protocol +
  File "D:\Program Files\python38\lib\urllib\request.py", line 502, in _call_chain
    result = func(*args)
  File "D:\Program Files\python38\lib\urllib\request.py", line 1362, in https_open
    return self.do_open(http.client.HTTPSConnection, req,
  File "D:\Program Files\python38\lib\urllib\request.py", line 1322, in do_open
    raise URLError(err)
urllib.error.URLError: <urlopen error timed out>

During handling of the above exception, another exception occurred:

Traceback (most recent call last):
  File "D:\Program Files\python38\lib\site-packages\fake_useragent\utils.py", line 154, in load
    for item in get_browsers(verify_ssl=verify_ssl):
  File "D:\Program Files\python38\lib\site-packages\fake_useragent\utils.py", line 97, in get_browsers
    html = get(settings.BROWSERS_STATS_PAGE, verify_ssl=verify_ssl)
  File "D:\Program Files\python38\lib\site-packages\fake_useragent\utils.py", line 84, in get
    raise FakeUserAgentError('Maximum amount of retries reached')
fake_useragent.errors.FakeUserAgentError: Maximum amount of retries reached
2020-08-21 16:16:09,429:ERROR:bs parse error: Couldn't find a tree builder with the features you requested: lxml. Do you need to install a parser library?

2020-08-21 16:16:10,275:ERROR:bs parse error: Couldn't find a tree builder with the features you requested: lxml. Do you need to install a parser library?

2020-08-21 16:16:10,901:ERROR:bs parse error: Couldn't find a tree builder with the features you requested: lxml. Do you need to install a parser library?

2020-08-21 16:16:11,587:ERROR:bs parse error: Couldn't find a tree builder with the features you requested: lxml. Do you need to install a parser library?

2020-08-21 16:16:12,232:ERROR:bs parse error: Couldn't find a tree builder with the features you requested: lxml. Do you need to install a parser library?

2020-08-21 16:16:12,843:ERROR:bs parse error: Couldn't find a tree builder with the features you requested: lxml. Do you need to install a parser library?

2020-08-21 16:16:13,429:ERROR:bs parse error: Couldn't find a tree builder with the features you requested: lxml. Do you need to install a parser library?

2020-08-21 16:16:14,063:ERROR:bs parse error: Couldn't find a tree builder with the features you requested: lxml. Do you need to install a parser library?

2020-08-21 16:16:15,025:ERROR:bs parse error: Couldn't find a tree builder with the features you requested: lxml. Do you need to install a parser library?

2020-08-21 16:16:15,647:ERROR:bs parse error: Couldn't find a tree builder with the features you requested: lxml. Do you need to install a parser library?

2020-08-21 16:16:16,266:ERROR:bs parse error: Couldn't find a tree builder with the features you requested: lxml. Do you need to install a parser library?

2020-08-21 16:16:16,958:ERROR:bs parse error: Couldn't find a tree builder with the features you requested: lxml. Do you need to install a parser library?

2020-08-21 16:16:17,839:ERROR:bs parse error: Couldn't find a tree builder with the features you requested: lxml. Do you need to install a parser library?

2020-08-21 16:16:18,409:ERROR:bs parse error: Couldn't find a tree builder with the features you requested: lxml. Do you need to install a parser library?

2020-08-21 16:16:19,250:ERROR:bs parse error: Couldn't find a tree builder with the features you requested: lxml. Do you need to install a parser library?

2020-08-21 16:16:19,871:ERROR:bs parse error: Couldn't find a tree builder with the features you requested: lxml. Do you need to install a parser library?

2020-08-21 16:16:20,691:ERROR:bs parse error: Couldn't find a tree builder with the features you requested: lxml. Do you need to install a parser library?

2020-08-21 16:16:21,299:ERROR:bs parse error: Couldn't find a tree builder with the features you requested: lxml. Do you need to install a parser library?

2020-08-21 16:16:22,007:ERROR:bs parse error: Couldn't find a tree builder with the features you requested: lxml. Do you need to install a parser library?

2020-08-21 16:16:22,960:ERROR:bs parse error: Couldn't find a tree builder with the features you requested: lxml. Do you need to install a parser library?

2020-08-21 16:16:23,933:ERROR:bs parse error: Couldn't find a tree builder with the features you requested: lxml. Do you need to install a parser library?

2020-08-21 16:16:24,838:ERROR:bs parse error: Couldn't find a tree builder with the features you requested: lxml. Do you need to install a parser library?

2020-08-21 16:16:29,021:INFO:mail has been send successfully.
2020-08-21 16:18:17,316:ERROR:bs parse error: string indices must be integers

2020-08-21 16:18:18,016:ERROR:bs parse error: string indices must be integers

2020-08-21 16:18:18,896:ERROR:bs parse error: string indices must be integers

2020-08-21 16:18:19,503:ERROR:bs parse error: string indices must be integers

2020-08-21 16:18:20,114:ERROR:bs parse error: string indices must be integers

2020-08-21 16:18:20,680:ERROR:bs parse error: string indices must be integers

2020-08-21 16:18:21,299:ERROR:bs parse error: string indices must be integers

2020-08-21 16:18:21,818:ERROR:bs parse error: string indices must be integers

2020-08-21 16:18:22,498:ERROR:bs parse error: string indices must be integers

2020-08-21 16:18:23,115:ERROR:bs parse error: string indices must be integers

2020-08-21 16:18:23,737:ERROR:bs parse error: string indices must be integers

2020-08-21 16:18:24,457:ERROR:bs parse error: string indices must be integers

2020-08-21 16:18:25,172:ERROR:bs parse error: string indices must be integers

2020-08-21 16:18:25,792:ERROR:bs parse error: string indices must be integers

2020-08-21 16:18:26,422:ERROR:bs parse error: string indices must be integers

2020-08-21 16:18:27,210:ERROR:bs parse error: string indices must be integers

2020-08-21 16:18:27,876:ERROR:bs parse error: string indices must be integers

2020-08-21 16:18:28,538:ERROR:bs parse error: string indices must be integers

2020-08-21 16:18:29,191:ERROR:bs parse error: string indices must be integers

2020-08-21 16:18:29,803:ERROR:bs parse error: string indices must be integers

2020-08-21 16:18:30,531:ERROR:bs parse error: string indices must be integers

2020-08-21 16:18:31,135:ERROR:bs parse error: string indices must be integers

2020-08-21 16:18:36,957:INFO:mail has been send successfully.
2020-08-21 16:23:36,080:ERROR:bs parse error: could not convert string to float: '--'

2020-08-21 16:23:37,420:ERROR:bs parse error: could not convert string to float: '--'

2020-08-21 16:23:38,269:ERROR:bs parse error: could not convert string to float: '--'

2020-08-21 16:23:39,317:ERROR:bs parse error: could not convert string to float: '--'

2020-08-21 16:23:40,041:ERROR:bs parse error: could not convert string to float: '--'

2020-08-21 16:23:40,895:ERROR:bs parse error: could not convert string to float: '--'

2020-08-21 16:23:41,706:ERROR:bs parse error: could not convert string to float: '--'

2020-08-21 16:23:42,612:ERROR:bs parse error: could not convert string to float: '--'

2020-08-21 16:23:44,074:ERROR:bs parse error: could not convert string to float: '--'

2020-08-21 16:23:45,270:ERROR:bs parse error: could not convert string to float: '--'

2020-08-21 16:23:46,245:ERROR:bs parse error: could not convert string to float: '--'

2020-08-21 16:23:47,425:ERROR:bs parse error: could not convert string to float: '--'

2020-08-21 16:23:48,695:ERROR:bs parse error: could not convert string to float: '--'

2020-08-21 16:23:49,633:ERROR:bs parse error: could not convert string to float: '--'

2020-08-21 16:23:50,914:ERROR:bs parse error: could not convert string to float: '--'

2020-08-21 16:23:51,883:ERROR:bs parse error: could not convert string to float: '--'

2020-08-21 16:23:53,054:ERROR:bs parse error: could not convert string to float: '--'

2020-08-21 16:23:54,070:ERROR:bs parse error: could not convert string to float: '--'

2020-08-21 16:23:55,006:ERROR:bs parse error: could not convert string to float: '--'

2020-08-21 16:23:56,283:ERROR:bs parse error: could not convert string to float: '--'

2020-08-21 16:23:57,534:ERROR:bs parse error: could not convert string to float: '--'

2020-08-21 16:23:58,711:ERROR:bs parse error: could not convert string to float: '--'

2020-08-21 16:24:01,146:INFO:mail has been send successfully.
2020-08-21 16:28:43,288:ERROR:bs parse error: list index out of range

2020-08-21 16:28:44,366:ERROR:bs parse error: list index out of range

2020-08-21 16:28:45,144:ERROR:bs parse error: list index out of range

2020-08-21 16:28:46,106:ERROR:bs parse error: list index out of range

2020-08-21 16:28:46,671:ERROR:bs parse error: list index out of range

2020-08-21 16:28:47,411:ERROR:bs parse error: list index out of range

2020-08-21 16:28:48,250:ERROR:bs parse error: list index out of range

2020-08-21 16:28:49,329:ERROR:bs parse error: list index out of range

2020-08-21 16:28:50,631:ERROR:bs parse error: list index out of range

2020-08-21 16:28:51,581:ERROR:bs parse error: list index out of range

2020-08-21 16:28:52,599:ERROR:bs parse error: list index out of range

2020-08-21 16:28:53,514:ERROR:bs parse error: list index out of range

2020-08-21 16:28:54,604:ERROR:bs parse error: list index out of range

2020-08-21 16:28:55,436:ERROR:bs parse error: list index out of range

2020-08-21 16:28:56,531:ERROR:bs parse error: list index out of range

2020-08-21 16:28:57,566:ERROR:bs parse error: list index out of range

2020-08-21 16:28:58,538:ERROR:bs parse error: list index out of range

2020-08-21 16:28:59,567:ERROR:bs parse error: list index out of range

2020-08-21 16:29:00,779:ERROR:bs parse error: list index out of range

2020-08-21 16:29:01,752:ERROR:bs parse error: list index out of range

2020-08-21 16:29:03,070:ERROR:bs parse error: list index out of range

2020-08-21 16:29:03,754:ERROR:bs parse error: list index out of range

2020-08-21 16:29:06,252:INFO:mail has been send successfully.
2020-08-21 16:29:55,604:ERROR:bs parse error: list index out of range

2020-08-21 16:29:56,299:ERROR:bs parse error: list index out of range

2020-08-21 16:29:57,073:ERROR:bs parse error: list index out of range

2020-08-21 16:29:57,722:ERROR:bs parse error: list index out of range

2020-08-21 16:29:58,345:ERROR:bs parse error: list index out of range

2020-08-21 16:29:59,026:ERROR:bs parse error: list index out of range

2020-08-21 16:29:59,641:ERROR:bs parse error: list index out of range

2020-08-21 16:30:00,272:ERROR:bs parse error: list index out of range

2020-08-21 16:30:01,112:ERROR:bs parse error: list index out of range

2020-08-21 16:30:01,972:ERROR:bs parse error: list index out of range

2020-08-21 16:30:07,047:ERROR:bs parse error: list index out of range

2020-08-21 16:30:07,764:ERROR:bs parse error: list index out of range

2020-08-21 16:30:08,395:ERROR:bs parse error: list index out of range

2020-08-21 16:30:09,091:ERROR:bs parse error: list index out of range

2020-08-21 16:30:09,795:ERROR:bs parse error: list index out of range

2020-08-21 16:30:10,511:ERROR:bs parse error: list index out of range

2020-08-21 16:30:11,200:ERROR:bs parse error: list index out of range

2020-08-21 16:30:11,883:ERROR:bs parse error: list index out of range

2020-08-21 16:30:12,524:ERROR:bs parse error: list index out of range

2020-08-21 16:30:13,191:ERROR:bs parse error: list index out of range

2020-08-21 16:30:13,947:ERROR:bs parse error: list index out of range

2020-08-21 16:30:14,625:ERROR:bs parse error: list index out of range

2020-08-21 16:30:17,296:INFO:mail has been send successfully.
2020-08-21 16:31:21,709:ERROR:bs parse error: could not convert string to float: '--'

2020-08-21 16:31:22,352:ERROR:bs parse error: could not convert string to float: '--'

2020-08-21 16:31:23,146:ERROR:bs parse error: could not convert string to float: '--'

2020-08-21 16:31:24,113:ERROR:bs parse error: could not convert string to float: '--'

2020-08-21 16:31:24,776:ERROR:bs parse error: could not convert string to float: '--'

2020-08-21 16:31:25,409:ERROR:bs parse error: could not convert string to float: '--'

2020-08-21 16:31:25,999:ERROR:bs parse error: could not convert string to float: '--'

2020-08-21 16:31:26,557:ERROR:bs parse error: could not convert string to float: '--'

2020-08-21 16:31:27,170:ERROR:bs parse error: could not convert string to float: '--'

2020-08-21 16:31:27,827:ERROR:bs parse error: could not convert string to float: '--'

2020-08-21 16:31:28,570:ERROR:bs parse error: could not convert string to float: '--'

2020-08-21 16:31:29,277:ERROR:bs parse error: could not convert string to float: '--'

2020-08-21 16:31:29,985:ERROR:bs parse error: could not convert string to float: '--'

2020-08-21 16:31:30,612:ERROR:bs parse error: could not convert string to float: '--'

2020-08-21 16:31:31,309:ERROR:bs parse error: could not convert string to float: '--'

2020-08-21 16:31:32,167:ERROR:bs parse error: could not convert string to float: '--'

2020-08-21 16:31:32,929:ERROR:bs parse error: could not convert string to float: '--'

2020-08-21 16:31:33,476:ERROR:bs parse error: could not convert string to float: '--'

2020-08-21 16:31:34,218:ERROR:bs parse error: could not convert string to float: '--'

2020-08-21 16:31:35,001:ERROR:bs parse error: could not convert string to float: '--'

2020-08-21 16:31:35,847:ERROR:bs parse error: could not convert string to float: '--'

2020-08-21 16:31:36,567:ERROR:bs parse error: could not convert string to float: '--'

2020-08-21 16:31:39,148:INFO:mail has been send successfully.
2020-08-21 16:32:26,848:ERROR:bs parse error: float() argument must be a string or a number, not 'NoneType'

2020-08-21 16:32:27,613:ERROR:bs parse error: float() argument must be a string or a number, not 'NoneType'

2020-08-21 16:32:28,293:ERROR:bs parse error: float() argument must be a string or a number, not 'NoneType'

2020-08-21 16:32:28,960:ERROR:bs parse error: float() argument must be a string or a number, not 'NoneType'

2020-08-21 16:32:29,665:ERROR:bs parse error: float() argument must be a string or a number, not 'NoneType'

2020-08-21 16:32:30,353:ERROR:bs parse error: float() argument must be a string or a number, not 'NoneType'

2020-08-21 16:32:31,046:ERROR:bs parse error: float() argument must be a string or a number, not 'NoneType'

2020-08-21 16:32:31,728:ERROR:bs parse error: float() argument must be a string or a number, not 'NoneType'

2020-08-21 16:32:32,408:ERROR:bs parse error: float() argument must be a string or a number, not 'NoneType'

2020-08-21 16:32:33,152:ERROR:bs parse error: float() argument must be a string or a number, not 'NoneType'

2020-08-21 16:32:33,727:ERROR:bs parse error: float() argument must be a string or a number, not 'NoneType'

2020-08-21 16:32:34,559:ERROR:bs parse error: float() argument must be a string or a number, not 'NoneType'

2020-08-21 16:32:35,273:ERROR:bs parse error: float() argument must be a string or a number, not 'NoneType'

2020-08-21 16:32:36,056:ERROR:bs parse error: float() argument must be a string or a number, not 'NoneType'

2020-08-21 16:32:36,753:ERROR:bs parse error: float() argument must be a string or a number, not 'NoneType'

2020-08-21 16:32:37,531:ERROR:bs parse error: float() argument must be a string or a number, not 'NoneType'

2020-08-21 16:32:38,235:ERROR:bs parse error: float() argument must be a string or a number, not 'NoneType'

2020-08-21 16:32:39,035:ERROR:bs parse error: float() argument must be a string or a number, not 'NoneType'

2020-08-21 16:32:39,763:ERROR:bs parse error: float() argument must be a string or a number, not 'NoneType'

2020-08-21 16:32:40,476:ERROR:bs parse error: float() argument must be a string or a number, not 'NoneType'

2020-08-21 16:32:41,246:ERROR:bs parse error: float() argument must be a string or a number, not 'NoneType'

2020-08-21 16:32:42,068:ERROR:bs parse error: float() argument must be a string or a number, not 'NoneType'

2020-08-21 16:32:44,599:INFO:mail has been send successfully.
2020-08-21 16:34:50,638:ERROR:bs parse error: float() argument must be a string or a number, not 'NoneType'

2020-08-21 16:34:51,219:ERROR:bs parse error: float() argument must be a string or a number, not 'NoneType'

2020-08-21 16:34:51,991:ERROR:bs parse error: float() argument must be a string or a number, not 'NoneType'

2020-08-21 16:34:52,631:ERROR:bs parse error: float() argument must be a string or a number, not 'NoneType'

2020-08-21 16:34:53,153:ERROR:bs parse error: float() argument must be a string or a number, not 'NoneType'

2020-08-21 16:34:53,788:ERROR:bs parse error: float() argument must be a string or a number, not 'NoneType'

2020-08-21 16:34:54,385:ERROR:bs parse error: float() argument must be a string or a number, not 'NoneType'

2020-08-21 16:34:54,964:ERROR:bs parse error: float() argument must be a string or a number, not 'NoneType'

2020-08-21 16:34:55,653:ERROR:bs parse error: float() argument must be a string or a number, not 'NoneType'

2020-08-21 16:34:56,362:ERROR:bs parse error: float() argument must be a string or a number, not 'NoneType'

2020-08-21 16:34:57,022:ERROR:bs parse error: float() argument must be a string or a number, not 'NoneType'

2020-08-21 16:34:57,747:ERROR:bs parse error: float() argument must be a string or a number, not 'NoneType'

2020-08-21 16:34:58,437:ERROR:bs parse error: float() argument must be a string or a number, not 'NoneType'

2020-08-21 16:34:59,096:ERROR:bs parse error: float() argument must be a string or a number, not 'NoneType'

2020-08-21 16:34:59,856:ERROR:bs parse error: float() argument must be a string or a number, not 'NoneType'

2020-08-21 16:35:00,538:ERROR:bs parse error: float() argument must be a string or a number, not 'NoneType'

2020-08-21 16:35:01,217:ERROR:bs parse error: float() argument must be a string or a number, not 'NoneType'

2020-08-21 16:35:02,965:ERROR:bs parse error: float() argument must be a string or a number, not 'NoneType'

2020-08-21 16:35:03,695:ERROR:bs parse error: float() argument must be a string or a number, not 'NoneType'

2020-08-21 16:35:04,393:ERROR:bs parse error: float() argument must be a string or a number, not 'NoneType'

2020-08-21 16:35:05,236:ERROR:bs parse error: float() argument must be a string or a number, not 'NoneType'

2020-08-21 16:35:05,957:ERROR:bs parse error: float() argument must be a string or a number, not 'NoneType'

2020-08-21 16:35:08,925:INFO:mail has been send successfully.
2020-08-21 16:36:10,025:ERROR:bs parse error: list index out of range

2020-08-21 16:36:11,118:ERROR:bs parse error: list index out of range

2020-08-21 16:36:11,856:ERROR:bs parse error: list index out of range

2020-08-21 16:36:12,856:ERROR:bs parse error: list index out of range

2020-08-21 16:36:13,504:ERROR:bs parse error: list index out of range

2020-08-21 16:37:30,822:ERROR:bs parse error: float() argument must be a string or a number, not 'NoneType'

2020-08-21 16:37:31,485:ERROR:bs parse error: float() argument must be a string or a number, not 'NoneType'

2020-08-21 16:37:32,366:ERROR:bs parse error: float() argument must be a string or a number, not 'NoneType'

2020-08-21 16:37:40,615:ERROR:bs parse error: float() argument must be a string or a number, not 'NoneType'

2020-08-21 16:37:41,190:ERROR:bs parse error: float() argument must be a string or a number, not 'NoneType'

2020-08-21 16:39:31,615:ERROR:bs parse error: float() argument must be a string or a number, not 'NoneType'

2020-08-21 16:40:10,415:ERROR:bs parse error: float() argument must be a string or a number, not 'NoneType'

2020-08-21 16:40:11,293:ERROR:bs parse error: float() argument must be a string or a number, not 'NoneType'

2020-08-21 16:41:02,465:INFO:mail has been send successfully.
